<?xml version="1.0" encoding="UTF-8"?>
<testsuites>
  <testsuite name="webdriver io page" timestamp="2021-06-29T20:37:54" time="3.009" tests="1" failures="0" errors="0" skipped="0">
    <properties>
      <property name="specId" value="0"/>
      <property name="suiteName" value="webdriver.io page"/>
      <property name="capabilities" value="chrome.91_0_4472_114.windows"/>
      <property name="file" value=".\test\specs\basic.js"/>
    </properties>
    <testcase classname="chrome.91_0_4472_114.windows.webdriver io page" name="should have the right title" time="3.008">
      <system-out><![CDATA[
COMMAND: POST /session/d045234b76b8774a87bd276e169ed9ae/url - {"url":"https://webdriver.io/"}
RESULT: {"url":"https://webdriver.io/"}
COMMAND: GET /session/d045234b76b8774a87bd276e169ed9ae/title - {}
RESULT: {}
COMMAND: DELETE /session/d045234b76b8774a87bd276e169ed9ae - {}
RESULT: {}
]]></system-out>
    </testcase>
  </testsuite>
</testsuites>