<?xml version="1.0" encoding="UTF-8"?>
<testsuites>
  <testsuite name="webdriver io page" timestamp="2021-06-29T20:06:06" time="4.351" tests="1" failures="0" errors="0" skipped="0">
    <properties>
      <property name="specId" value="0"/>
      <property name="suiteName" value="webdriver.io page"/>
      <property name="capabilities" value="chrome.91_0_4472_114.windows"/>
      <property name="file" value=".\test\specs\WdioTestSpec.js"/>
    </properties>
    <testcase classname="chrome.91_0_4472_114.windows.webdriver io page" name="should have the right title the fancy generator way" time="4.351">
      <system-out><![CDATA[
COMMAND: POST /session/aa9b04ec0c70d23167e8ef33968dd052/url - {"url":"http://webdriver.io/"}
RESULT: {"url":"http://webdriver.io/"}
COMMAND: GET /session/aa9b04ec0c70d23167e8ef33968dd052/title - {}
RESULT: {}
COMMAND: DELETE /session/aa9b04ec0c70d23167e8ef33968dd052 - {}
RESULT: {}
]]></system-out>
    </testcase>
  </testsuite>
</testsuites>